[0.011s] Invoking command in '/home/dworf/mav_ws/build/up': CMAKE_PREFIX_PATH=${CMAKE_PREFIX_PATH}:/home/dworf/Firmware2/install/aerobot_gz_sim:/opt/ros/humble /usr/bin/cmake /home/dworf/mav_ws/src/up -DCMAKE_INSTALL_PREFIX=/home/dworf/mav_ws/install/up
[0.021s] -- Found ament_cmake: 1.3.10 (/opt/ros/humble/share/ament_cmake/cmake)
[0.125s] -- Found rclcpp: 16.0.10 (/opt/ros/humble/share/rclcpp/cmake)
[0.148s] -- Found rosidl_generator_c: 3.1.5 (/opt/ros/humble/share/rosidl_generator_c/cmake)
[0.150s] -- Found rosidl_adapter: 3.1.5 (/opt/ros/humble/share/rosidl_adapter/cmake)
[0.157s] -- Found rosidl_generator_cpp: 3.1.5 (/opt/ros/humble/share/rosidl_generator_cpp/cmake)
[0.168s] -- Using all available rosidl_typesupport_c: rosidl_typesupport_fastrtps_c;rosidl_typesupport_introspection_c
[0.184s] -- Using all available rosidl_typesupport_cpp: rosidl_typesupport_fastrtps_cpp;rosidl_typesupport_introspection_cpp
[0.210s] -- Found rmw_implementation_cmake: 6.1.2 (/opt/ros/humble/share/rmw_implementation_cmake/cmake)
[0.212s] -- Found rmw_fastrtps_cpp: 6.2.7 (/opt/ros/humble/share/rmw_fastrtps_cpp/cmake)
[0.316s] -- Using RMW implementation 'rmw_fastrtps_cpp' as default
[0.368s] [31mCMake Error at CMakeLists.txt:11 (find_package):
[0.368s]   By not providing "FindMAVROS.cmake" in CMAKE_MODULE_PATH this project has
[0.369s]   asked CMake to find a package configuration file provided by "MAVROS", but
[0.369s]   CMake did not find one.
[0.369s] 
[0.369s]   Could not find a package configuration file provided by "MAVROS" with any
[0.369s]   of the following names:
[0.369s] 
[0.369s]     MAVROSConfig.cmake
[0.369s]     mavros-config.cmake
[0.369s] 
[0.369s]   Add the installation prefix of "MAVROS" to CMAKE_PREFIX_PATH or set
[0.369s]   "MAVROS_DIR" to a directory containing one of the above files.  If "MAVROS"
[0.369s]   provides a separate development package or SDK, be sure it has been
[0.369s]   installed.
[0.369s] 
[0.369s] [0m
[0.369s] -- Configuring incomplete, errors occurred!
[0.369s] See also "/home/dworf/mav_ws/build/up/CMakeFiles/CMakeOutput.log".
[0.375s] Invoked command in '/home/dworf/mav_ws/build/up' returned '1': CMAKE_PREFIX_PATH=${CMAKE_PREFIX_PATH}:/home/dworf/Firmware2/install/aerobot_gz_sim:/opt/ros/humble /usr/bin/cmake /home/dworf/mav_ws/src/up -DCMAKE_INSTALL_PREFIX=/home/dworf/mav_ws/install/up
