[0.083s] DEBUG:colcon:Command line arguments: ['/usr/bin/colcon', 'build']
[0.083s] DEBUG:colcon:Parsed command line arguments: Namespace(log_base=None, log_level=None, verb_name='build', build_base='build', install_base='install', merge_install=False, symlink_install=False, test_result_base=None, continue_on_error=False, executor='parallel', parallel_workers=16, event_handlers=None, ignore_user_meta=False, metas=['./colcon.meta'], base_paths=['.'], packages_ignore=None, packages_ignore_regex=None, paths=None, packages_up_to=None, packages_up_to_regex=None, packages_above=None, packages_above_and_dependencies=None, packages_above_depth=None, packages_select_by_dep=None, packages_skip_by_dep=None, packages_skip_up_to=None, packages_select_build_failed=False, packages_skip_build_finished=False, packages_select_test_failures=False, packages_skip_test_passed=False, packages_select=None, packages_skip=None, packages_select_regex=None, packages_skip_regex=None, packages_start=None, packages_end=None, allow_overriding=[], cmake_args=None, cmake_target=None, cmake_target_skip_unavailable=False, cmake_clean_cache=False, cmake_clean_first=False, cmake_force_configure=False, ament_cmake_args=None, catkin_cmake_args=None, catkin_skip_building_tests=False, verb_parser=<colcon_defaults.argument_parser.defaults.DefaultArgumentsDecorator object at 0x7898c6c30dc0>, verb_extension=<colcon_core.verb.build.BuildVerb object at 0x7898c6c308b0>, main=<bound method BuildVerb.main of <colcon_core.verb.build.BuildVerb object at 0x7898c6c308b0>>)
[0.224s] Level 1:colcon.colcon_core.package_discovery:discover_packages(colcon_meta) check parameters
[0.224s] Level 1:colcon.colcon_core.package_discovery:discover_packages(recursive) check parameters
[0.225s] Level 1:colcon.colcon_core.package_discovery:discover_packages(ignore) check parameters
[0.225s] Level 1:colcon.colcon_core.package_discovery:discover_packages(path) check parameters
[0.225s] Level 1:colcon.colcon_core.package_discovery:discover_packages(colcon_meta) discover
[0.225s] Level 1:colcon.colcon_core.package_discovery:discover_packages(recursive) discover
[0.225s] INFO:colcon.colcon_core.package_discovery:Crawling recursively for packages in '/home/dworf/mav_ws'
[0.225s] Level 1:colcon.colcon_core.package_identification:_identify(.) by extensions ['ignore', 'ignore_ament_install']
[0.225s] Level 1:colcon.colcon_core.package_identification:_identify(.) by extension 'ignore'
[0.225s] Level 1:colcon.colcon_core.package_identification:_identify(.) by extension 'ignore_ament_install'
[0.225s] Level 1:colcon.colcon_core.package_identification:_identify(.) by extensions ['colcon_pkg']
[0.225s] Level 1:colcon.colcon_core.package_identification:_identify(.) by extension 'colcon_pkg'
[0.225s] Level 1:colcon.colcon_core.package_identification:_identify(.) by extensions ['colcon_meta']
[0.225s] Level 1:colcon.colcon_core.package_identification:_identify(.) by extension 'colcon_meta'
[0.225s] Level 1:colcon.colcon_core.package_identification:_identify(.) by extensions ['ros']
[0.225s] Level 1:colcon.colcon_core.package_identification:_identify(.) by extension 'ros'
[0.234s] Level 1:colcon.colcon_core.package_identification:_identify(.) by extensions ['cmake', 'python']
[0.234s] Level 1:colcon.colcon_core.package_identification:_identify(.) by extension 'cmake'
[0.234s] Level 1:colcon.colcon_core.package_identification:_identify(.) by extension 'python'
[0.234s] Level 1:colcon.colcon_core.package_identification:_identify(.) by extensions ['python_setup_py']
[0.234s] Level 1:colcon.colcon_core.package_identification:_identify(.) by extension 'python_setup_py'
[0.234s] Level 1:colcon.colcon_core.package_identification:_identify(build) by extensions ['ignore', 'ignore_ament_install']
[0.234s] Level 1:colcon.colcon_core.package_identification:_identify(build) by extension 'ignore'
[0.234s] Level 1:colcon.colcon_core.package_identification:_identify(build) ignored
[0.234s] Level 1:colcon.colcon_core.package_identification:_identify(install) by extensions ['ignore', 'ignore_ament_install']
[0.234s] Level 1:colcon.colcon_core.package_identification:_identify(install) by extension 'ignore'
[0.234s] Level 1:colcon.colcon_core.package_identification:_identify(install) ignored
[0.234s] Level 1:colcon.colcon_core.package_identification:_identify(log) by extensions ['ignore', 'ignore_ament_install']
[0.235s] Level 1:colcon.colcon_core.package_identification:_identify(log) by extension 'ignore'
[0.235s] Level 1:colcon.colcon_core.package_identification:_identify(log) ignored
[0.235s] Level 1:colcon.colcon_core.package_identification:_identify(src) by extensions ['ignore', 'ignore_ament_install']
[0.235s] Level 1:colcon.colcon_core.package_identification:_identify(src) by extension 'ignore'
[0.235s] Level 1:colcon.colcon_core.package_identification:_identify(src) by extension 'ignore_ament_install'
[0.235s] Level 1:colcon.colcon_core.package_identification:_identify(src) by extensions ['colcon_pkg']
[0.235s] Level 1:colcon.colcon_core.package_identification:_identify(src) by extension 'colcon_pkg'
[0.235s] Level 1:colcon.colcon_core.package_identification:_identify(src) by extensions ['colcon_meta']
[0.235s] Level 1:colcon.colcon_core.package_identification:_identify(src) by extension 'colcon_meta'
[0.235s] Level 1:colcon.colcon_core.package_identification:_identify(src) by extensions ['ros']
[0.235s] Level 1:colcon.colcon_core.package_identification:_identify(src) by extension 'ros'
[0.235s] Level 1:colcon.colcon_core.package_identification:_identify(src) by extensions ['cmake', 'python']
[0.235s] Level 1:colcon.colcon_core.package_identification:_identify(src) by extension 'cmake'
[0.235s] Level 1:colcon.colcon_core.package_identification:_identify(src) by extension 'python'
[0.235s] Level 1:colcon.colcon_core.package_identification:_identify(src) by extensions ['python_setup_py']
[0.235s] Level 1:colcon.colcon_core.package_identification:_identify(src) by extension 'python_setup_py'
[0.235s] Level 1:colcon.colcon_core.package_identification:_identify(src/up) by extensions ['ignore', 'ignore_ament_install']
[0.235s] Level 1:colcon.colcon_core.package_identification:_identify(src/up) by extension 'ignore'
[0.235s] Level 1:colcon.colcon_core.package_identification:_identify(src/up) by extension 'ignore_ament_install'
[0.235s] Level 1:colcon.colcon_core.package_identification:_identify(src/up) by extensions ['colcon_pkg']
[0.235s] Level 1:colcon.colcon_core.package_identification:_identify(src/up) by extension 'colcon_pkg'
[0.235s] Level 1:colcon.colcon_core.package_identification:_identify(src/up) by extensions ['colcon_meta']
[0.235s] Level 1:colcon.colcon_core.package_identification:_identify(src/up) by extension 'colcon_meta'
[0.235s] Level 1:colcon.colcon_core.package_identification:_identify(src/up) by extensions ['ros']
[0.235s] Level 1:colcon.colcon_core.package_identification:_identify(src/up) by extension 'ros'
[0.237s] DEBUG:colcon.colcon_core.package_identification:Package 'src/up' with type 'ros.ament_cmake' and name 'up'
[0.237s] Level 1:colcon.colcon_core.package_discovery:discover_packages(recursive) using defaults
[0.237s] Level 1:colcon.colcon_core.package_discovery:discover_packages(ignore) discover
[0.237s] Level 1:colcon.colcon_core.package_discovery:discover_packages(ignore) using defaults
[0.237s] Level 1:colcon.colcon_core.package_discovery:discover_packages(path) discover
[0.237s] Level 1:colcon.colcon_core.package_discovery:discover_packages(path) using defaults
[0.263s] Level 1:colcon.colcon_core.package_discovery:discover_packages(prefix_path) check parameters
[0.263s] Level 1:colcon.colcon_core.package_discovery:discover_packages(prefix_path) discover
[0.265s] DEBUG:colcon.colcon_installed_package_information.package_discovery:Found 1 installed packages in /home/dworf/mav_ws/install
[0.265s] DEBUG:colcon.colcon_installed_package_information.package_discovery:Found 2 installed packages in /home/dworf/mavsdk/install
[0.266s] DEBUG:colcon.colcon_installed_package_information.package_discovery:Found 4 installed packages in /home/dworf/Firmware2/install
[0.267s] DEBUG:colcon.colcon_installed_package_information.package_discovery:Found 290 installed packages in /opt/ros/humble
[0.268s] Level 1:colcon.colcon_core.package_discovery:discover_packages(prefix_path) using defaults
[0.298s] Level 5:colcon.colcon_core.verb:set package 'up' build argument 'cmake_args' from command line to 'None'
[0.298s] Level 5:colcon.colcon_core.verb:set package 'up' build argument 'cmake_target' from command line to 'None'
[0.298s] Level 5:colcon.colcon_core.verb:set package 'up' build argument 'cmake_target_skip_unavailable' from command line to 'False'
[0.298s] Level 5:colcon.colcon_core.verb:set package 'up' build argument 'cmake_clean_cache' from command line to 'False'
[0.298s] Level 5:colcon.colcon_core.verb:set package 'up' build argument 'cmake_clean_first' from command line to 'False'
[0.298s] Level 5:colcon.colcon_core.verb:set package 'up' build argument 'cmake_force_configure' from command line to 'False'
[0.298s] Level 5:colcon.colcon_core.verb:set package 'up' build argument 'ament_cmake_args' from command line to 'None'
[0.298s] Level 5:colcon.colcon_core.verb:set package 'up' build argument 'catkin_cmake_args' from command line to 'None'
[0.298s] Level 5:colcon.colcon_core.verb:set package 'up' build argument 'catkin_skip_building_tests' from command line to 'False'
[0.298s] DEBUG:colcon.colcon_core.verb:Building package 'up' with the following arguments: {'ament_cmake_args': None, 'build_base': '/home/dworf/mav_ws/build/up', 'catkin_cmake_args': None, 'catkin_skip_building_tests': False, 'cmake_args': None, 'cmake_clean_cache': False, 'cmake_clean_first': False, 'cmake_force_configure': False, 'cmake_target': None, 'cmake_target_skip_unavailable': False, 'install_base': '/home/dworf/mav_ws/install/up', 'merge_install': False, 'path': '/home/dworf/mav_ws/src/up', 'symlink_install': False, 'test_result_base': None}
[0.298s] INFO:colcon.colcon_core.executor:Executing jobs using 'parallel' executor
[0.299s] DEBUG:colcon.colcon_parallel_executor.executor.parallel:run_until_complete
[0.299s] INFO:colcon.colcon_ros.task.ament_cmake.build:Building ROS package in '/home/dworf/mav_ws/src/up' with build type 'ament_cmake'
[0.299s] INFO:colcon.colcon_cmake.task.cmake.build:Building CMake package in '/home/dworf/mav_ws/src/up'
[0.301s] INFO:colcon.colcon_core.plugin_system:Skipping extension 'colcon_core.shell.bat': Not used on non-Windows systems
[0.301s] INFO:colcon.colcon_core.shell:Skip shell extension 'powershell' for command environment: Not usable outside of PowerShell
[0.301s] DEBUG:colcon.colcon_core.shell:Skip shell extension 'dsv' for command environment
[0.312s] DEBUG:colcon.colcon_core.event_handler.log_command:Invoking command in '/home/dworf/mav_ws/build/up': CMAKE_PREFIX_PATH=${CMAKE_PREFIX_PATH}:/home/dworf/Firmware2/install/aerobot_gz_sim:/opt/ros/humble /usr/bin/cmake /home/dworf/mav_ws/src/up -DCMAKE_INSTALL_PREFIX=/home/dworf/mav_ws/install/up
[0.760s] DEBUG:colcon.colcon_core.event_handler.log_command:Invoked command in '/home/dworf/mav_ws/build/up' returned '0': CMAKE_PREFIX_PATH=${CMAKE_PREFIX_PATH}:/home/dworf/Firmware2/install/aerobot_gz_sim:/opt/ros/humble /usr/bin/cmake /home/dworf/mav_ws/src/up -DCMAKE_INSTALL_PREFIX=/home/dworf/mav_ws/install/up
[0.763s] DEBUG:colcon.colcon_core.event_handler.log_command:Invoking command in '/home/dworf/mav_ws/build/up': CMAKE_PREFIX_PATH=${CMAKE_PREFIX_PATH}:/home/dworf/Firmware2/install/aerobot_gz_sim:/opt/ros/humble /usr/bin/cmake --build /home/dworf/mav_ws/build/up -- -j16 -l16
[3.747s] DEBUG:colcon.colcon_core.event_handler.log_command:Invoked command in '/home/dworf/mav_ws/build/up' returned '0': CMAKE_PREFIX_PATH=${CMAKE_PREFIX_PATH}:/home/dworf/Firmware2/install/aerobot_gz_sim:/opt/ros/humble /usr/bin/cmake --build /home/dworf/mav_ws/build/up -- -j16 -l16
[3.759s] DEBUG:colcon.colcon_core.event_handler.log_command:Invoking command in '/home/dworf/mav_ws/build/up': CMAKE_PREFIX_PATH=${CMAKE_PREFIX_PATH}:/home/dworf/Firmware2/install/aerobot_gz_sim:/opt/ros/humble /usr/bin/cmake --install /home/dworf/mav_ws/build/up
[3.771s] Level 1:colcon.colcon_core.environment:create_environment_scripts_only(up)
[3.772s] DEBUG:colcon.colcon_core.event_handler.log_command:Invoked command in '/home/dworf/mav_ws/build/up' returned '0': CMAKE_PREFIX_PATH=${CMAKE_PREFIX_PATH}:/home/dworf/Firmware2/install/aerobot_gz_sim:/opt/ros/humble /usr/bin/cmake --install /home/dworf/mav_ws/build/up
[3.773s] Level 1:colcon.colcon_core.environment:checking '/home/dworf/mav_ws/install/up' for CMake module files
[3.774s] Level 1:colcon.colcon_core.environment:checking '/home/dworf/mav_ws/install/up' for CMake config files
[3.774s] Level 1:colcon.colcon_core.shell:create_environment_hook('up', 'cmake_prefix_path')
[3.774s] INFO:colcon.colcon_core.shell:Creating environment hook '/home/dworf/mav_ws/install/up/share/up/hook/cmake_prefix_path.ps1'
[3.774s] INFO:colcon.colcon_core.shell:Creating environment descriptor '/home/dworf/mav_ws/install/up/share/up/hook/cmake_prefix_path.dsv'
[3.775s] INFO:colcon.colcon_core.shell:Creating environment hook '/home/dworf/mav_ws/install/up/share/up/hook/cmake_prefix_path.sh'
[3.775s] Level 1:colcon.colcon_core.environment:checking '/home/dworf/mav_ws/install/up/lib'
[3.776s] Level 1:colcon.colcon_core.environment:checking '/home/dworf/mav_ws/install/up/bin'
[3.776s] Level 1:colcon.colcon_core.environment:checking '/home/dworf/mav_ws/install/up/lib/pkgconfig/up.pc'
[3.776s] Level 1:colcon.colcon_core.environment:checking '/home/dworf/mav_ws/install/up/lib/python3.10/site-packages'
[3.776s] Level 1:colcon.colcon_core.environment:checking '/home/dworf/mav_ws/install/up/bin'
[3.776s] INFO:colcon.colcon_core.shell:Creating package script '/home/dworf/mav_ws/install/up/share/up/package.ps1'
[3.777s] INFO:colcon.colcon_core.shell:Creating package descriptor '/home/dworf/mav_ws/install/up/share/up/package.dsv'
[3.777s] INFO:colcon.colcon_core.shell:Creating package script '/home/dworf/mav_ws/install/up/share/up/package.sh'
[3.778s] INFO:colcon.colcon_core.shell:Creating package script '/home/dworf/mav_ws/install/up/share/up/package.bash'
[3.778s] INFO:colcon.colcon_core.shell:Creating package script '/home/dworf/mav_ws/install/up/share/up/package.zsh'
[3.779s] Level 1:colcon.colcon_core.environment:create_file_with_runtime_dependencies(/home/dworf/mav_ws/install/up/share/colcon-core/packages/up)
[3.779s] Level 1:colcon.colcon_core.environment:create_environment_scripts_only(up)
[3.779s] Level 1:colcon.colcon_core.environment:checking '/home/dworf/mav_ws/install/up' for CMake module files
[3.780s] Level 1:colcon.colcon_core.environment:checking '/home/dworf/mav_ws/install/up' for CMake config files
[3.780s] Level 1:colcon.colcon_core.shell:create_environment_hook('up', 'cmake_prefix_path')
[3.780s] INFO:colcon.colcon_core.shell:Creating environment hook '/home/dworf/mav_ws/install/up/share/up/hook/cmake_prefix_path.ps1'
[3.780s] INFO:colcon.colcon_core.shell:Creating environment descriptor '/home/dworf/mav_ws/install/up/share/up/hook/cmake_prefix_path.dsv'
[3.781s] INFO:colcon.colcon_core.shell:Creating environment hook '/home/dworf/mav_ws/install/up/share/up/hook/cmake_prefix_path.sh'
[3.781s] Level 1:colcon.colcon_core.environment:checking '/home/dworf/mav_ws/install/up/lib'
[3.781s] Level 1:colcon.colcon_core.environment:checking '/home/dworf/mav_ws/install/up/bin'
[3.781s] Level 1:colcon.colcon_core.environment:checking '/home/dworf/mav_ws/install/up/lib/pkgconfig/up.pc'
[3.781s] Level 1:colcon.colcon_core.environment:checking '/home/dworf/mav_ws/install/up/lib/python3.10/site-packages'
[3.781s] Level 1:colcon.colcon_core.environment:checking '/home/dworf/mav_ws/install/up/bin'
[3.782s] INFO:colcon.colcon_core.shell:Creating package script '/home/dworf/mav_ws/install/up/share/up/package.ps1'
[3.782s] INFO:colcon.colcon_core.shell:Creating package descriptor '/home/dworf/mav_ws/install/up/share/up/package.dsv'
[3.782s] INFO:colcon.colcon_core.shell:Creating package script '/home/dworf/mav_ws/install/up/share/up/package.sh'
[3.783s] INFO:colcon.colcon_core.shell:Creating package script '/home/dworf/mav_ws/install/up/share/up/package.bash'
[3.783s] INFO:colcon.colcon_core.shell:Creating package script '/home/dworf/mav_ws/install/up/share/up/package.zsh'
[3.783s] Level 1:colcon.colcon_core.environment:create_file_with_runtime_dependencies(/home/dworf/mav_ws/install/up/share/colcon-core/packages/up)
[3.784s] DEBUG:colcon.colcon_parallel_executor.executor.parallel:closing loop
[3.784s] DEBUG:colcon.colcon_parallel_executor.executor.parallel:loop closed
[3.784s] DEBUG:colcon.colcon_parallel_executor.executor.parallel:run_until_complete finished with '0'
[3.784s] DEBUG:colcon.colcon_core.event_reactor:joining thread
[3.788s] INFO:colcon.colcon_core.plugin_system:Skipping extension 'colcon_notification.desktop_notification.terminal_notifier': Not used on non-Darwin systems
[3.788s] INFO:colcon.colcon_core.plugin_system:Skipping extension 'colcon_notification.desktop_notification.win32': Not used on non-Windows systems
[3.788s] INFO:colcon.colcon_notification.desktop_notification:Sending desktop notification using 'notify2'
[3.800s] DEBUG:colcon.colcon_core.event_reactor:joined thread
[3.801s] INFO:colcon.colcon_core.shell:Creating prefix script '/home/dworf/mav_ws/install/local_setup.ps1'
[3.802s] INFO:colcon.colcon_core.shell:Creating prefix util module '/home/dworf/mav_ws/install/_local_setup_util_ps1.py'
[3.803s] INFO:colcon.colcon_core.shell:Creating prefix chain script '/home/dworf/mav_ws/install/setup.ps1'
[3.804s] INFO:colcon.colcon_core.shell:Creating prefix script '/home/dworf/mav_ws/install/local_setup.sh'
[3.804s] INFO:colcon.colcon_core.shell:Creating prefix util module '/home/dworf/mav_ws/install/_local_setup_util_sh.py'
[3.805s] INFO:colcon.colcon_core.shell:Creating prefix chain script '/home/dworf/mav_ws/install/setup.sh'
[3.806s] INFO:colcon.colcon_core.shell:Creating prefix script '/home/dworf/mav_ws/install/local_setup.bash'
[3.806s] INFO:colcon.colcon_core.shell:Creating prefix chain script '/home/dworf/mav_ws/install/setup.bash'
[3.807s] INFO:colcon.colcon_core.shell:Creating prefix script '/home/dworf/mav_ws/install/local_setup.zsh'
[3.807s] INFO:colcon.colcon_core.shell:Creating prefix chain script '/home/dworf/mav_ws/install/setup.zsh'
