[0.012s] Invoking command in '/home/dworf/mav_ws/build/up': CMAKE_PREFIX_PATH=${CMAKE_PREFIX_PATH}:/home/dworf/Firmware2/install/aerobot_gz_sim:/opt/ros/humble /usr/bin/cmake /home/dworf/mav_ws/src/up -DCMAKE_INSTALL_PREFIX=/home/dworf/mav_ws/install/up
[0.023s] -- Found ament_cmake: 1.3.10 (/opt/ros/humble/share/ament_cmake/cmake)
[0.127s] -- Found rclcpp: 16.0.10 (/opt/ros/humble/share/rclcpp/cmake)
[0.152s] -- Found rosidl_generator_c: 3.1.5 (/opt/ros/humble/share/rosidl_generator_c/cmake)
[0.154s] -- Found rosidl_adapter: 3.1.5 (/opt/ros/humble/share/rosidl_adapter/cmake)
[0.160s] -- Found rosidl_generator_cpp: 3.1.5 (/opt/ros/humble/share/rosidl_generator_cpp/cmake)
[0.168s] -- Using all available rosidl_typesupport_c: rosidl_typesupport_fastrtps_c;rosidl_typesupport_introspection_c
[0.178s] -- Using all available rosidl_typesupport_cpp: rosidl_typesupport_fastrtps_cpp;rosidl_typesupport_introspection_cpp
[0.206s] -- Found rmw_implementation_cmake: 6.1.2 (/opt/ros/humble/share/rmw_implementation_cmake/cmake)
[0.207s] -- Found rmw_fastrtps_cpp: 6.2.7 (/opt/ros/humble/share/rmw_fastrtps_cpp/cmake)
[0.314s] -- Using RMW implementation 'rmw_fastrtps_cpp' as default
[0.363s] -- Found ament_lint_auto: 0.12.11 (/opt/ros/humble/share/ament_lint_auto/cmake)
[0.437s] -- Added test 'cppcheck' to perform static code analysis on C / C++ code
[0.438s] -- Configured cppcheck include dirs: 
[0.438s] -- Configured cppcheck exclude dirs and/or files: 
[0.438s] -- Added test 'lint_cmake' to check CMake code style
[0.440s] -- Added test 'uncrustify' to check C / C++ code style
[0.440s] -- Configured uncrustify additional arguments: 
[0.440s] -- Added test 'xmllint' to check XML markup files
[0.442s] -- Configuring done
[0.450s] -- Generating done
[0.453s] -- Build files have been written to: /home/dworf/mav_ws/build/up
[0.460s] Invoked command in '/home/dworf/mav_ws/build/up' returned '0': CMAKE_PREFIX_PATH=${CMAKE_PREFIX_PATH}:/home/dworf/Firmware2/install/aerobot_gz_sim:/opt/ros/humble /usr/bin/cmake /home/dworf/mav_ws/src/up -DCMAKE_INSTALL_PREFIX=/home/dworf/mav_ws/install/up
[0.463s] Invoking command in '/home/dworf/mav_ws/build/up': CMAKE_PREFIX_PATH=${CMAKE_PREFIX_PATH}:/home/dworf/Firmware2/install/aerobot_gz_sim:/opt/ros/humble /usr/bin/cmake --build /home/dworf/mav_ws/build/up -- -j16 -l16
[0.514s] [ 50%] [32mBuilding CXX object CMakeFiles/take_off.dir/src/take_off.cpp.o[0m
[2.690s] [01m[K/home/dworf/mav_ws/src/up/src/take_off.cpp:[m[K In constructor ‘[01m[KTakeOff::TakeOff()[m[K’:
[2.690s] [01m[K/home/dworf/mav_ws/src/up/src/take_off.cpp:11:26:[m[K [01;35m[Kwarning: [m[Kunused variable ‘[01m[Kconnection_result[m[K’ [[01;35m[K]8;;https://gcc.gnu.org/onlinedocs/gcc/Warning-Options.html#index-Wunused-variable-Wunused-variable]8;;[m[K]
[2.690s]    11 |  ConnectionResult [01;35m[Kconnection_result[m[K = mavsdk.add_any_connection("udp://:14540");
[2.690s]       |                   [01;35m[K^~~~~~~~~~~~~~~~~[m[K
[2.690s] 
[3.160s] [100%] [32m[1mLinking CXX executable take_off[0m
[3.433s] [100%] Built target take_off
[3.447s] Invoked command in '/home/dworf/mav_ws/build/up' returned '0': CMAKE_PREFIX_PATH=${CMAKE_PREFIX_PATH}:/home/dworf/Firmware2/install/aerobot_gz_sim:/opt/ros/humble /usr/bin/cmake --build /home/dworf/mav_ws/build/up -- -j16 -l16
[3.459s] Invoking command in '/home/dworf/mav_ws/build/up': CMAKE_PREFIX_PATH=${CMAKE_PREFIX_PATH}:/home/dworf/Firmware2/install/aerobot_gz_sim:/opt/ros/humble /usr/bin/cmake --install /home/dworf/mav_ws/build/up
[3.466s] -- Install configuration: ""
[3.467s] -- Installing: /home/dworf/mav_ws/install/up/lib/up/take_off
[3.467s] -- Set runtime path of "/home/dworf/mav_ws/install/up/lib/up/take_off" to ""
[3.467s] -- Installing: /home/dworf/mav_ws/install/up/share/ament_index/resource_index/package_run_dependencies/up
[3.467s] -- Installing: /home/dworf/mav_ws/install/up/share/ament_index/resource_index/parent_prefix_path/up
[3.468s] -- Installing: /home/dworf/mav_ws/install/up/share/up/environment/ament_prefix_path.sh
[3.468s] -- Installing: /home/dworf/mav_ws/install/up/share/up/environment/ament_prefix_path.dsv
[3.468s] -- Installing: /home/dworf/mav_ws/install/up/share/up/environment/path.sh
[3.468s] -- Installing: /home/dworf/mav_ws/install/up/share/up/environment/path.dsv
[3.468s] -- Installing: /home/dworf/mav_ws/install/up/share/up/local_setup.bash
[3.468s] -- Installing: /home/dworf/mav_ws/install/up/share/up/local_setup.sh
[3.468s] -- Installing: /home/dworf/mav_ws/install/up/share/up/local_setup.zsh
[3.469s] -- Installing: /home/dworf/mav_ws/install/up/share/up/local_setup.dsv
[3.469s] -- Installing: /home/dworf/mav_ws/install/up/share/up/package.dsv
[3.469s] -- Installing: /home/dworf/mav_ws/install/up/share/ament_index/resource_index/packages/up
[3.469s] -- Installing: /home/dworf/mav_ws/install/up/share/up/cmake/upConfig.cmake
[3.469s] -- Installing: /home/dworf/mav_ws/install/up/share/up/cmake/upConfig-version.cmake
[3.469s] -- Installing: /home/dworf/mav_ws/install/up/share/up/package.xml
[3.472s] Invoked command in '/home/dworf/mav_ws/build/up' returned '0': CMAKE_PREFIX_PATH=${CMAKE_PREFIX_PATH}:/home/dworf/Firmware2/install/aerobot_gz_sim:/opt/ros/humble /usr/bin/cmake --install /home/dworf/mav_ws/build/up
